d:\projects\darknet\build\darknet\x64\release\batchnorm_layer.obj
d:\projects\darknet\build\darknet\x64\release\compare.obj
d:\projects\darknet\build\darknet\x64\release\crnn_layer.obj
d:\projects\darknet\build\darknet\x64\release\detection_layer.obj
d:\projects\darknet\build\darknet\x64\release\gettimeofday.obj
d:\projects\darknet\build\darknet\x64\release\network.obj
d:\projects\darknet\build\darknet\x64\release\reorg_old_layer.obj
d:\projects\darknet\build\darknet\x64\release\tag.obj
d:\projects\darknet\build\darknet\x64\release\activations.obj
d:\projects\darknet\build\darknet\x64\release\cifar.obj
d:\projects\darknet\build\darknet\x64\release\cpu_gemm.obj
d:\projects\darknet\build\darknet\x64\release\cuda.obj
d:\projects\darknet\build\darknet\x64\release\detector.obj
d:\projects\darknet\build\darknet\x64\release\image.obj
d:\projects\darknet\build\darknet\x64\release\rnn_layer.obj
d:\projects\darknet\build\darknet\x64\release\super.obj
d:\projects\darknet\build\darknet\x64\release\yolo.obj
d:\projects\darknet\build\darknet\x64\release\box.obj
d:\projects\darknet\build\darknet\x64\release\convolutional_layer.obj
d:\projects\darknet\build\darknet\x64\release\deconvolutional_layer.obj
d:\projects\darknet\build\darknet\x64\release\dropout_layer.obj
d:\projects\darknet\build\darknet\x64\release\layer.obj
d:\projects\darknet\build\darknet\x64\release\matrix.obj
d:\projects\darknet\build\darknet\x64\release\region_layer.obj
d:\projects\darknet\build\darknet\x64\release\shortcut_layer.obj
d:\projects\darknet\build\darknet\x64\release\utils.obj
d:\projects\darknet\build\darknet\x64\release\art.obj
d:\projects\darknet\build\darknet\x64\release\dice.obj
d:\projects\darknet\build\darknet\x64\release\gru_layer.obj
d:\projects\darknet\build\darknet\x64\release\list.obj
d:\projects\darknet\build\darknet\x64\release\normalization_layer.obj
d:\projects\darknet\build\darknet\x64\release\rnn.obj
d:\projects\darknet\build\darknet\x64\release\tree.obj
d:\projects\darknet\build\darknet\x64\release\avgpool_layer.obj
d:\projects\darknet\build\darknet\x64\release\col2im.obj
d:\projects\darknet\build\darknet\x64\release\cost_layer.obj
d:\projects\darknet\build\darknet\x64\release\data.obj
d:\projects\darknet\build\darknet\x64\release\go.obj
d:\projects\darknet\build\darknet\x64\release\maxpool_layer.obj
d:\projects\darknet\build\darknet\x64\release\reorg_layer.obj
d:\projects\darknet\build\darknet\x64\release\swag.obj
d:\projects\darknet\build\darknet\x64\release\blas.obj
d:\projects\darknet\build\darknet\x64\release\coco.obj
d:\projects\darknet\build\darknet\x64\release\darknet.obj
d:\projects\darknet\build\darknet\x64\release\gemm.obj
d:\projects\darknet\build\darknet\x64\release\lstm_layer.obj
d:\projects\darknet\build\darknet\x64\release\parser.obj
d:\projects\darknet\build\darknet\x64\release\softmax_layer.obj
d:\projects\darknet\build\darknet\x64\release\voxel.obj
d:\projects\darknet\build\darknet\x64\release\activation_layer.obj
d:\projects\darknet\build\darknet\x64\release\classifier.obj
d:\projects\darknet\build\darknet\x64\release\getopt.obj
d:\projects\darknet\build\darknet\x64\release\im2col.obj
d:\projects\darknet\build\darknet\x64\release\local_layer.obj
d:\projects\darknet\build\darknet\x64\release\option_list.obj
d:\projects\darknet\build\darknet\x64\release\route_layer.obj
d:\projects\darknet\build\darknet\x64\release\upsample_layer.obj
d:\projects\darknet\build\darknet\x64\release\yolo_layer.obj
d:\projects\darknet\build\darknet\x64\release\captcha.obj
d:\projects\darknet\build\darknet\x64\release\connected_layer.obj
d:\projects\darknet\build\darknet\x64\release\crop_layer.obj
d:\projects\darknet\build\darknet\x64\release\demo.obj
d:\projects\darknet\build\darknet\x64\release\nightmare.obj
d:\projects\darknet\build\darknet\x64\release\rnn_vid.obj
d:\projects\darknet\build\darknet\x64\release\writing.obj
d:\projects\darknet\build\darknet\x64\release\vc140.pdb
d:\projects\darknet\build\darknet\x64\release\http_stream.obj
d:\projects\darknet\build\darknet\x64\darknet.exe
d:\projects\darknet\build\darknet\x64\darknet.ipdb
d:\projects\darknet\build\darknet\x64\darknet.iobj
d:\projects\darknet\build\darknet\x64\darknet.pdb
d:\projects\darknet\build\darknet\x64\release\activation_kernels.cu.cache
d:\projects\darknet\build\darknet\x64\release\avgpool_layer_kernels.cu.cache
d:\projects\darknet\build\darknet\x64\release\blas_kernels.cu.cache
d:\projects\darknet\build\darknet\x64\release\col2im_kernels.cu.cache
d:\projects\darknet\build\darknet\x64\release\convolutional_kernels.cu.cache
d:\projects\darknet\build\darknet\x64\release\crop_layer_kernels.cu.cache
d:\projects\darknet\build\darknet\x64\release\deconvolutional_kernels.cu.cache
d:\projects\darknet\build\darknet\x64\release\dropout_layer_kernels.cu.cache
d:\projects\darknet\build\darknet\x64\release\im2col_kernels.cu.cache
d:\projects\darknet\build\darknet\x64\release\maxpool_layer_kernels.cu.cache
d:\projects\darknet\build\darknet\x64\release\network_kernels.cu.cache
d:\projects\darknet\build\darknet\x64\release\activation_kernels.cu.obj
d:\projects\darknet\build\darknet\x64\release\avgpool_layer_kernels.cu.obj
d:\projects\darknet\build\darknet\x64\release\blas_kernels.cu.obj
d:\projects\darknet\build\darknet\x64\release\col2im_kernels.cu.obj
d:\projects\darknet\build\darknet\x64\release\convolutional_kernels.cu.obj
d:\projects\darknet\build\darknet\x64\release\crop_layer_kernels.cu.obj
d:\projects\darknet\build\darknet\x64\release\deconvolutional_kernels.cu.obj
d:\projects\darknet\build\darknet\x64\release\dropout_layer_kernels.cu.obj
d:\projects\darknet\build\darknet\x64\release\im2col_kernels.cu.obj
d:\projects\darknet\build\darknet\x64\release\maxpool_layer_kernels.cu.obj
d:\projects\darknet\build\darknet\x64\release\network_kernels.cu.obj
d:\projects\darknet\build\darknet\x64\release\darknet.tlog\cl.command.1.tlog
d:\projects\darknet\build\darknet\x64\release\darknet.tlog\cl.read.1.tlog
d:\projects\darknet\build\darknet\x64\release\darknet.tlog\cl.write.1.tlog
d:\projects\darknet\build\darknet\x64\release\darknet.tlog\link.command.1.tlog
d:\projects\darknet\build\darknet\x64\release\darknet.tlog\link.read.1.tlog
d:\projects\darknet\build\darknet\x64\release\darknet.tlog\link.write.1.tlog
